Arguments: 
  /snap/node/3786/bin/node /snap/node/3786/bin/yarn.js config get registry

PATH: 
  /home/mav/anaconda3/condabin:/home/mav/bin:/usr/local/sbin:/usr/local/bin:/usr/sbin:/usr/bin:/sbin:/bin:/usr/games:/usr/local/games:/snap/bin

Yarn version: 
  1.22.5

Node version: 
  10.24.0

Platform: 
  linux x64

Trace: 
  Error: EACCES: permission denied, write
      at writeSync (fs.js:573:3)
      at SyncWriteStream._write (internal/fs/sync_write_stream.js:22:3)
      at doWrite (_stream_writable.js:415:12)
      at writeOrBuffer (_stream_writable.js:399:5)
      at SyncWriteStream.Writable.write (_stream_writable.js:299:11)
      at ConsoleReporter._log (/snap/node/3786/lib/cli.js:96770:17)
      at ConsoleReporter.log (/snap/node/3786/lib/cli.js:96758:10)
      at get (/snap/node/3786/lib/cli.js:87536:14)
      at Object.<anonymous> (/snap/node/3786/lib/cli.js:25940:25)
      at Generator.next (<anonymous>)

npm manifest: 
  {
    "name": "react-pages",
    "version": "0.1.0",
    "private": true
  }

yarn manifest: 
  No manifest

Lockfile: 
  No lockfile
